e:\_programming\gish2static\source\release\gish2.bsc
e:\_programming\gish2static\source\release\vc143.pdb
e:\_programming\gish2static\source\release\font.sbr
e:\_programming\gish2static\source\release\m.sbr
e:\_programming\gish2static\source\release\m.obj
e:\_programming\gish2static\source\release\font.obj
e:\_programming\gish2static\source\release\physics.sbr
e:\_programming\gish2static\source\release\physics.obj
e:\_programming\gish2static\source\release\freegish.exe
e:\_programming\gish2static\source\release\gish2.pdb
e:\_programming\gish2static\source\release\gish2.tlog\bscmake.command.1.tlog
e:\_programming\gish2static\source\release\gish2.tlog\bscmake.read.1.tlog
e:\_programming\gish2static\source\release\gish2.tlog\bscmake.write.1.tlog
e:\_programming\gish2static\source\release\gish2.tlog\cl.command.1.tlog
e:\_programming\gish2static\source\release\gish2.tlog\cl.items.tlog
e:\_programming\gish2static\source\release\gish2.tlog\cl.read.1.tlog
e:\_programming\gish2static\source\release\gish2.tlog\cl.write.1.tlog
e:\_programming\gish2static\source\release\gish2.tlog\link-cvtres.read.1.tlog
e:\_programming\gish2static\source\release\gish2.tlog\link-cvtres.write.1.tlog
e:\_programming\gish2static\source\release\gish2.tlog\link-rc.read.1.tlog
e:\_programming\gish2static\source\release\gish2.tlog\link-rc.write.1.tlog
e:\_programming\gish2static\source\release\gish2.tlog\link.command.1.tlog
e:\_programming\gish2static\source\release\gish2.tlog\link.read.1.tlog
e:\_programming\gish2static\source\release\gish2.tlog\link.write.1.tlog
